# JRE version: Java(TM) SE Runtime Environment (8.0_40-b27) (build 1.8.0_40-b27)
# Java VM: Java HotSpot(TM) 64-Bit Server VM (25.40-b25 mixed mode bsd-amd64 compressed oops)
Heap:
 PSYoungGen      total 643072K, used 325715K [0x0000000795580000, 0x00000007bdf00000, 0x00000007c0000000)
  eden space 622080K, 52% used [0x0000000795580000,0x00000007a9394e58,0x00000007bb500000)
  from space 20992K, 0% used [0x00000007bca80000,0x00000007bca80000,0x00000007bdf00000)
  to   space 21504K, 0% used [0x00000007bb500000,0x00000007bb500000,0x00000007bca00000)
 ParOldGen       total 102400K, used 39332K [0x0000000740000000, 0x0000000746400000, 0x0000000795580000)
  object space 102400K, 38% used [0x0000000740000000,0x0000000742669098,0x0000000746400000)
 Metaspace       used 68103K, capacity 71640K, committed 71896K, reserved 1112064K
  class space    used 8775K, capacity 9416K, committed 9472K, reserved 1048576K
GC Heap History (10 events):
Event: 13.117 GC heap before
{Heap before GC invocations=15 (full 3):
 PSYoungGen      total 487936K, used 3522K [0x0000000795580000, 0x00000007b4780000, 0x00000007c0000000)
  eden space 467968K, 0% used [0x0000000795580000,0x0000000795580000,0x00000007b1e80000)
  from space 19968K, 17% used [0x00000007b3200000,0x00000007b3570b90,0x00000007b4580000)
  to   space 19968K, 0% used [0x00000007b1e80000,0x00000007b1e80000,0x00000007b3200000)
 ParOldGen       total 77312K, used 32699K [0x0000000740000000, 0x0000000744b80000, 0x0000000795580000)
  object space 77312K, 42% used [0x0000000740000000,0x0000000741feef18,0x0000000744b80000)
 Metaspace       used 56601K, capacity 58790K, committed 58968K, reserved 1099776K
  class space    used 7341K, capacity 7794K, committed 7808K, reserved 1048576K
Event: 13.300 GC heap after
Heap after GC invocations=15 (full 3):
 PSYoungGen      total 487936K, used 0K [0x0000000795580000, 0x00000007b4780000, 0x00000007c0000000)
  eden space 467968K, 0% used [0x0000000795580000,0x0000000795580000,0x00000007b1e80000)
  from space 19968K, 0% used [0x00000007b3200000,0x00000007b3200000,0x00000007b4580000)
  to   space 19968K, 0% used [0x00000007b1e80000,0x00000007b1e80000,0x00000007b3200000)
 ParOldGen       total 102400K, used 29076K [0x0000000740000000, 0x0000000746400000, 0x0000000795580000)
  object space 102400K, 28% used [0x0000000740000000,0x0000000741c651c0,0x0000000746400000)
 Metaspace       used 56601K, capacity 58790K, committed 58968K, reserved 1099776K
  class space    used 7341K, capacity 7794K, committed 7808K, reserved 1048576K
}
Event: 64.244 GC heap before
{Heap before GC invocations=16 (full 3):
 PSYoungGen      total 487936K, used 446030K [0x0000000795580000, 0x00000007b4780000, 0x00000007c0000000)
  eden space 467968K, 95% used [0x0000000795580000,0x00000007b09139a8,0x00000007b1e80000)
  from space 19968K, 0% used [0x00000007b3200000,0x00000007b3200000,0x00000007b4580000)
  to   space 19968K, 0% used [0x00000007b1e80000,0x00000007b1e80000,0x00000007b3200000)
 ParOldGen       total 102400K, used 29076K [0x0000000740000000, 0x0000000746400000, 0x0000000795580000)
  object space 102400K, 28% used [0x0000000740000000,0x0000000741c651c0,0x0000000746400000)
 Metaspace       used 66477K, capacity 69770K, committed 69976K, reserved 1110016K
  class space    used 8703K, capacity 9295K, committed 9344K, reserved 1048576K
Event: 64.271 GC heap after
Heap after GC invocations=16 (full 3):
 PSYoungGen      total 487936K, used 17154K [0x0000000795580000, 0x00000007be000000, 0x00000007c0000000)
  eden space 467968K, 0% used [0x0000000795580000,0x0000000795580000,0x00000007b1e80000)
  from space 19968K, 85% used [0x00000007b1e80000,0x00000007b2f408d0,0x00000007b3200000)
  to   space 22016K, 0% used [0x00000007bca80000,0x00000007bca80000,0x00000007be000000)
 ParOldGen       total 102400K, used 29084K [0x0000000740000000, 0x0000000746400000, 0x0000000795580000)
  object space 102400K, 28% used [0x0000000740000000,0x0000000741c671c0,0x0000000746400000)
 Metaspace       used 66477K, capacity 69770K, committed 69976K, reserved 1110016K
  class space    used 8703K, capacity 9295K, committed 9344K, reserved 1048576K
}
Event: 64.271 GC heap before
{Heap before GC invocations=17 (full 4):
 PSYoungGen      total 487936K, used 17154K [0x0000000795580000, 0x00000007be000000, 0x00000007c0000000)
  eden space 467968K, 0% used [0x0000000795580000,0x0000000795580000,0x00000007b1e80000)
  from space 19968K, 85% used [0x00000007b1e80000,0x00000007b2f408d0,0x00000007b3200000)
  to   space 22016K, 0% used [0x00000007bca80000,0x00000007bca80000,0x00000007be000000)
 ParOldGen       total 102400K, used 29084K [0x0000000740000000, 0x0000000746400000, 0x0000000795580000)
  object space 102400K, 28% used [0x0000000740000000,0x0000000741c671c0,0x0000000746400000)
 Metaspace       used 66477K, capacity 69770K, committed 69976K, reserved 1110016K
  class space    used 8703K, capacity 9295K, committed 9344K, reserved 1048576K
Event: 64.537 GC heap after
Heap after GC invocations=17 (full 4):
 PSYoungGen      total 487936K, used 0K [0x0000000795580000, 0x00000007be000000, 0x00000007c0000000)
  eden space 467968K, 0% used [0x0000000795580000,0x0000000795580000,0x00000007b1e80000)
  from space 19968K, 0% used [0x00000007b1e80000,0x00000007b1e80000,0x00000007b3200000)
  to   space 22016K, 0% used [0x00000007bca80000,0x00000007bca80000,0x00000007be000000)
 ParOldGen       total 102400K, used 38463K [0x0000000740000000, 0x0000000746400000, 0x0000000795580000)
  object space 102400K, 37% used [0x0000000740000000,0x000000074258fe58,0x0000000746400000)
 Metaspace       used 66477K, capacity 69770K, committed 69976K, reserved 1110016K
  class space    used 8703K, capacity 9295K, committed 9344K, reserved 1048576K
}
Event: 125.540 GC heap before
{Heap before GC invocations=18 (full 4):
 PSYoungGen      total 487936K, used 350698K [0x0000000795580000, 0x00000007be000000, 0x00000007c0000000)
  eden space 467968K, 74% used [0x0000000795580000,0x00000007aabfa8c0,0x00000007b1e80000)
  from space 19968K, 0% used [0x00000007b1e80000,0x00000007b1e80000,0x00000007b3200000)
  to   space 22016K, 0% used [0x00000007bca80000,0x00000007bca80000,0x00000007be000000)
 ParOldGen       total 102400K, used 38463K [0x0000000740000000, 0x0000000746400000, 0x0000000795580000)
  object space 102400K, 37% used [0x0000000740000000,0x000000074258fe58,0x0000000746400000)
 Metaspace       used 67381K, capacity 70820K, committed 71128K, reserved 1112064K
  class space    used 8743K, capacity 9359K, committed 9472K, reserved 1048576K
Event: 125.570 GC heap after
Heap after GC invocations=18 (full 4):
 PSYoungGen      total 643072K, used 11571K [0x0000000795580000, 0x00000007bdf00000, 0x00000007c0000000)
  eden space 622080K, 0% used [0x0000000795580000,0x0000000795580000,0x00000007bb500000)
  from space 20992K, 55% used [0x00000007bca80000,0x00000007bd5ccc88,0x00000007bdf00000)
  to   space 21504K, 0% used [0x00000007bb500000,0x00000007bb500000,0x00000007bca00000)
 ParOldGen       total 102400K, used 38471K [0x0000000740000000, 0x0000000746400000, 0x0000000795580000)
  object space 102400K, 37% used [0x0000000740000000,0x0000000742591e58,0x0000000746400000)
 Metaspace       used 67381K, capacity 70820K, committed 71128K, reserved 1112064K
  class space    used 8743K, capacity 9359K, committed 9472K, reserved 1048576K
}
Event: 125.570 GC heap before
{Heap before GC invocations=19 (full 5):
 PSYoungGen      total 643072K, used 11571K [0x0000000795580000, 0x00000007bdf00000, 0x00000007c0000000)
  eden space 622080K, 0% used [0x0000000795580000,0x0000000795580000,0x00000007bb500000)
  from space 20992K, 55% used [0x00000007bca80000,0x00000007bd5ccc88,0x00000007bdf00000)
  to   space 21504K, 0% used [0x00000007bb500000,0x00000007bb500000,0x00000007bca00000)
 ParOldGen       total 102400K, used 38471K [0x0000000740000000, 0x0000000746400000, 0x0000000795580000)
  object space 102400K, 37% used [0x0000000740000000,0x0000000742591e58,0x0000000746400000)
 Metaspace       used 67381K, capacity 70820K, committed 71128K, reserved 1112064K
  class space    used 8743K, capacity 9359K, committed 9472K, reserved 1048576K
Event: 125.842 GC heap after
Heap after GC invocations=19 (full 5):
 PSYoungGen      total 643072K, used 0K [0x0000000795580000, 0x00000007bdf00000, 0x00000007c0000000)
  eden space 622080K, 0% used [0x0000000795580000,0x0000000795580000,0x00000007bb500000)
  from space 20992K, 0% used [0x00000007bca80000,0x00000007bca80000,0x00000007bdf00000)
  to   space 21504K, 0% used [0x00000007bb500000,0x00000007bb500000,0x00000007bca00000)
 ParOldGen       total 102400K, used 39332K [0x0000000740000000, 0x0000000746400000, 0x0000000795580000)
  object space 102400K, 38% used [0x0000000740000000,0x0000000742669098,0x0000000746400000)
 Metaspace       used 67379K, capacity 70814K, committed 71128K, reserved 1112064K
  class space    used 8743K, capacity 9357K, committed 9472K, reserved 1048576K
}

