# JRE version: Java(TM) SE Runtime Environment (8.0_40-b27) (build 1.8.0_40-b27)
# Java VM: Java HotSpot(TM) 64-Bit Server VM (25.40-b25 mixed mode bsd-amd64 compressed oops)
Heap:
 PSYoungGen      total 585216K, used 251358K [0x0000000795580000, 0x00000007ba400000, 0x00000007c0000000)
  eden space 565760K, 44% used [0x0000000795580000,0x00000007a4af7a50,0x00000007b7e00000)
  from space 19456K, 0% used [0x00000007b7e00000,0x00000007b7e00000,0x00000007b9100000)
  to   space 19456K, 0% used [0x00000007b9100000,0x00000007b9100000,0x00000007ba400000)
 ParOldGen       total 106496K, used 39325K [0x0000000740000000, 0x0000000746800000, 0x0000000795580000)
  object space 106496K, 36% used [0x0000000740000000,0x00000007426677c8,0x0000000746800000)
 Metaspace       used 67942K, capacity 71404K, committed 71640K, reserved 1112064K
  class space    used 8774K, capacity 9434K, committed 9472K, reserved 1048576K
GC Heap History (10 events):
Event: 90.370 GC heap before
{Heap before GC invocations=16 (full 3):
 PSYoungGen      total 457216K, used 441344K [0x0000000795580000, 0x00000007b2680000, 0x00000007c0000000)
  eden space 441344K, 100% used [0x0000000795580000,0x00000007b0480000,0x00000007b0480000)
  from space 15872K, 0% used [0x00000007b1700000,0x00000007b1700000,0x00000007b2680000)
  to   space 17408K, 0% used [0x00000007b0480000,0x00000007b0480000,0x00000007b1580000)
 ParOldGen       total 106496K, used 29866K [0x0000000740000000, 0x0000000746800000, 0x0000000795580000)
  object space 106496K, 28% used [0x0000000740000000,0x0000000741d2a930,0x0000000746800000)
 Metaspace       used 66599K, capacity 69944K, committed 69976K, reserved 1110016K
  class space    used 8718K, capacity 9328K, committed 9344K, reserved 1048576K
Event: 90.398 GC heap after
Heap after GC invocations=16 (full 3):
 PSYoungGen      total 458752K, used 17394K [0x0000000795580000, 0x00000007ba500000, 0x00000007c0000000)
  eden space 441344K, 0% used [0x0000000795580000,0x0000000795580000,0x00000007b0480000)
  from space 17408K, 99% used [0x00000007b0480000,0x00000007b157ca20,0x00000007b1580000)
  to   space 19968K, 0% used [0x00000007b9180000,0x00000007b9180000,0x00000007ba500000)
 ParOldGen       total 106496K, used 29874K [0x0000000740000000, 0x0000000746800000, 0x0000000795580000)
  object space 106496K, 28% used [0x0000000740000000,0x0000000741d2c930,0x0000000746800000)
 Metaspace       used 66599K, capacity 69944K, committed 69976K, reserved 1110016K
  class space    used 8718K, capacity 9328K, committed 9344K, reserved 1048576K
}
Event: 90.422 GC heap before
{Heap before GC invocations=17 (full 3):
 PSYoungGen      total 458752K, used 42625K [0x0000000795580000, 0x00000007ba500000, 0x00000007c0000000)
  eden space 441344K, 5% used [0x0000000795580000,0x0000000796e23cc0,0x00000007b0480000)
  from space 17408K, 99% used [0x00000007b0480000,0x00000007b157ca20,0x00000007b1580000)
  to   space 19968K, 0% used [0x00000007b9180000,0x00000007b9180000,0x00000007ba500000)
 ParOldGen       total 106496K, used 29874K [0x0000000740000000, 0x0000000746800000, 0x0000000795580000)
  object space 106496K, 28% used [0x0000000740000000,0x0000000741d2c930,0x0000000746800000)
 Metaspace       used 66600K, capacity 69944K, committed 69976K, reserved 1110016K
  class space    used 8718K, capacity 9328K, committed 9344K, reserved 1048576K
Event: 90.448 GC heap after
Heap after GC invocations=17 (full 3):
 PSYoungGen      total 584704K, used 10144K [0x0000000795580000, 0x00000007ba400000, 0x00000007c0000000)
  eden space 565760K, 0% used [0x0000000795580000,0x0000000795580000,0x00000007b7e00000)
  from space 18944K, 53% used [0x00000007b9180000,0x00000007b9b68040,0x00000007ba400000)
  to   space 19456K, 0% used [0x00000007b7e00000,0x00000007b7e00000,0x00000007b9100000)
 ParOldGen       total 106496K, used 29882K [0x0000000740000000, 0x0000000746800000, 0x0000000795580000)
  object space 106496K, 28% used [0x0000000740000000,0x0000000741d2e930,0x0000000746800000)
 Metaspace       used 66600K, capacity 69944K, committed 69976K, reserved 1110016K
  class space    used 8718K, capacity 9328K, committed 9344K, reserved 1048576K
}
Event: 90.448 GC heap before
{Heap before GC invocations=18 (full 4):
 PSYoungGen      total 584704K, used 10144K [0x0000000795580000, 0x00000007ba400000, 0x00000007c0000000)
  eden space 565760K, 0% used [0x0000000795580000,0x0000000795580000,0x00000007b7e00000)
  from space 18944K, 53% used [0x00000007b9180000,0x00000007b9b68040,0x00000007ba400000)
  to   space 19456K, 0% used [0x00000007b7e00000,0x00000007b7e00000,0x00000007b9100000)
 ParOldGen       total 106496K, used 29882K [0x0000000740000000, 0x0000000746800000, 0x0000000795580000)
  object space 106496K, 28% used [0x0000000740000000,0x0000000741d2e930,0x0000000746800000)
 Metaspace       used 66600K, capacity 69944K, committed 69976K, reserved 1110016K
  class space    used 8718K, capacity 9328K, committed 9344K, reserved 1048576K
Event: 90.721 GC heap after
Heap after GC invocations=18 (full 4):
 PSYoungGen      total 584704K, used 0K [0x0000000795580000, 0x00000007ba400000, 0x00000007c0000000)
  eden space 565760K, 0% used [0x0000000795580000,0x0000000795580000,0x00000007b7e00000)
  from space 18944K, 0% used [0x00000007b9180000,0x00000007b9180000,0x00000007ba400000)
  to   space 19456K, 0% used [0x00000007b7e00000,0x00000007b7e00000,0x00000007b9100000)
 ParOldGen       total 106496K, used 32053K [0x0000000740000000, 0x0000000746800000, 0x0000000795580000)
  object space 106496K, 30% used [0x0000000740000000,0x0000000741f4d510,0x0000000746800000)
 Metaspace       used 66600K, capacity 69944K, committed 69976K, reserved 1110016K
  class space    used 8718K, capacity 9328K, committed 9344K, reserved 1048576K
}
Event: 122.414 GC heap before
{Heap before GC invocations=19 (full 4):
 PSYoungGen      total 584704K, used 348741K [0x0000000795580000, 0x00000007ba400000, 0x00000007c0000000)
  eden space 565760K, 61% used [0x0000000795580000,0x00000007aaa11468,0x00000007b7e00000)
  from space 18944K, 0% used [0x00000007b9180000,0x00000007b9180000,0x00000007ba400000)
  to   space 19456K, 0% used [0x00000007b7e00000,0x00000007b7e00000,0x00000007b9100000)
 ParOldGen       total 106496K, used 32053K [0x0000000740000000, 0x0000000746800000, 0x0000000795580000)
  object space 106496K, 30% used [0x0000000740000000,0x0000000741f4d510,0x0000000746800000)
 Metaspace       used 67464K, capacity 70912K, committed 71128K, reserved 1112064K
  class space    used 8752K, capacity 9389K, committed 9472K, reserved 1048576K
Event: 122.435 GC heap after
Heap after GC invocations=19 (full 4):
 PSYoungGen      total 585216K, used 11544K [0x0000000795580000, 0x00000007ba400000, 0x00000007c0000000)
  eden space 565760K, 0% used [0x0000000795580000,0x0000000795580000,0x00000007b7e00000)
  from space 19456K, 59% used [0x00000007b7e00000,0x00000007b89460a8,0x00000007b9100000)
  to   space 19456K, 0% used [0x00000007b9100000,0x00000007b9100000,0x00000007ba400000)
 ParOldGen       total 106496K, used 32061K [0x0000000740000000, 0x0000000746800000, 0x0000000795580000)
  object space 106496K, 30% used [0x0000000740000000,0x0000000741f4f510,0x0000000746800000)
 Metaspace       used 67464K, capacity 70912K, committed 71128K, reserved 1112064K
  class space    used 8752K, capacity 9389K, committed 9472K, reserved 1048576K
}
Event: 122.435 GC heap before
{Heap before GC invocations=20 (full 5):
 PSYoungGen      total 585216K, used 11544K [0x0000000795580000, 0x00000007ba400000, 0x00000007c0000000)
  eden space 565760K, 0% used [0x0000000795580000,0x0000000795580000,0x00000007b7e00000)
  from space 19456K, 59% used [0x00000007b7e00000,0x00000007b89460a8,0x00000007b9100000)
  to   space 19456K, 0% used [0x00000007b9100000,0x00000007b9100000,0x00000007ba400000)
 ParOldGen       total 106496K, used 32061K [0x0000000740000000, 0x0000000746800000, 0x0000000795580000)
  object space 106496K, 30% used [0x0000000740000000,0x0000000741f4f510,0x0000000746800000)
 Metaspace       used 67464K, capacity 70912K, committed 71128K, reserved 1112064K
  class space    used 8752K, capacity 9389K, committed 9472K, reserved 1048576K
Event: 122.711 GC heap after
Heap after GC invocations=20 (full 5):
 PSYoungGen      total 585216K, used 0K [0x0000000795580000, 0x00000007ba400000, 0x00000007c0000000)
  eden space 565760K, 0% used [0x0000000795580000,0x0000000795580000,0x00000007b7e00000)
  from space 19456K, 0% used [0x00000007b7e00000,0x00000007b7e00000,0x00000007b9100000)
  to   space 19456K, 0% used [0x00000007b9100000,0x00000007b9100000,0x00000007ba400000)
 ParOldGen       total 106496K, used 39325K [0x0000000740000000, 0x0000000746800000, 0x0000000795580000)
  object space 106496K, 36% used [0x0000000740000000,0x00000007426677c8,0x0000000746800000)
 Metaspace       used 67462K, capacity 70906K, committed 71128K, reserved 1112064K
  class space    used 8752K, capacity 9387K, committed 9472K, reserved 1048576K
}

